<?xml version="1.0" encoding="UTF-8"?>
<!-- Generated by org.testng.reporters.JUnitXMLReporter -->
<testsuite ignored="0" hostname="DESKTOP-H5CHME6" failures="0" tests="2" name="RestAPI Automation Test Cases" time="6.88" errors="0" timestamp="2023-12-03T20:31:45 IST">
  <testcase classname="com.roc.testcases.GetUsers" name="test01_getalluser" time="6.014"/>
  <testcase classname="com.roc.testcases.GetParticularUser" name="test03_GetParticularUser" time="0.713"/>
</testsuite> <!-- RestAPI Automation Test Cases -->
