<?xml version="1.0" encoding="UTF-8"?>
<testng-results ignored="0" total="1" passed="1" failed="0" skipped="0">
  <reporter-output>
  </reporter-output>
  <suite started-at="2023-12-03T05:10:16 IST" name="Default suite" finished-at="2023-12-03T05:10:22 IST" duration-ms="5874">
    <groups>
    </groups>
    <test started-at="2023-12-03T05:10:16 IST" name="Default test" finished-at="2023-12-03T05:10:22 IST" duration-ms="5874">
      <class name="com.roc.testcases.GetParticularUser">
        <test-method signature="test03_GetParticularUser()[pri:0, instance:com.roc.testcases.GetParticularUser@c33b74f]" started-at="2023-12-03T05:10:16 IST" name="test03_GetParticularUser" finished-at="2023-12-03T05:10:22 IST" duration-ms="5762" status="PASS">
          <reporter-output>
          </reporter-output>
        </test-method> <!-- test03_GetParticularUser -->
      </class> <!-- com.roc.testcases.GetParticularUser -->
    </test> <!-- Default test -->
  </suite> <!-- Default suite -->
</testng-results>
